{
  message: 'Ruta GET /favicon.ico no esta implementada',
  level: 'warn',
  timestamp: '2023-03-10T14:35:51.600Z'
}
{
  message: 'Ruta GET /favicon.ico no esta implementada',
  level: 'warn',
  timestamp: '2023-03-10T14:36:08.873Z'
}
{
  message: 'Ruta GET /favicon.ico no esta implementada',
  level: 'warn',
  timestamp: '2023-03-10T14:36:20.117Z'
}
{
  message: 'Ruta GET /favicon.ico no esta implementada',
  level: 'warn',
  timestamp: '2023-03-10T15:50:13.572Z'
}
{
  message: 'Ruta GET /favicon.ico no esta implementada',
  level: 'warn',
  timestamp: '2023-03-10T15:50:54.573Z'
}
{
  message: 'Ruta GET /favicon.ico no esta implementada',
  level: 'warn',
  timestamp: '2023-03-10T16:01:40.544Z'
}
{
  message: 'Ruta GET /favicon.ico no esta implementada',
  level: 'warn',
  timestamp: '2023-03-10T16:01:42.097Z'
}
{
  message: 'Ruta GET /favicon.ico no esta implementada',
  level: 'warn',
  timestamp: '2023-03-10T16:01:53.014Z'
}
{
  message: 'Ruta GET /favicon.ico no esta implementada',
  level: 'warn',
  timestamp: '2023-03-10T16:01:59.052Z'
}
{
  message: 'Ruta GET /favicon.ico no esta implementada',
  level: 'warn',
  timestamp: '2023-03-10T16:02:02.023Z'
}
{
  message: 'Ruta GET /favicon.ico no esta implementada',
  level: 'warn',
  timestamp: '2023-03-10T16:02:11.818Z'
}
{
  message: 'Ruta GET /favicon.ico no esta implementada',
  level: 'warn',
  timestamp: '2023-03-10T16:02:41.413Z'
}
{
  message: 'Ruta GET /favicon.ico no esta implementada',
  level: 'warn',
  timestamp: '2023-03-10T16:02:44.044Z'
}
{
  message: 'Ruta GET /favicon.ico no esta implementada',
  level: 'warn',
  timestamp: '2023-03-16T13:30:16.509Z'
}
{
  message: 'Ruta GET /eplo no esta implementada',
  level: 'warn',
  timestamp: '2023-03-16T13:30:22.259Z'
}
{
  message: 'Ruta GET /favicon.ico no esta implementada',
  level: 'warn',
  timestamp: '2023-03-16T13:30:22.464Z'
}
{
  message: 'Ruta GET /eplo no esta implementada',
  level: 'warn',
  timestamp: '2023-03-16T13:32:49.309Z'
}
{
  message: 'Ruta GET /favicon.ico no esta implementada',
  level: 'warn',
  timestamp: '2023-03-16T13:32:49.525Z'
}
{
  message: 'Ruta GET /eplo no esta implementada',
  level: 'warn',
  timestamp: '2023-03-16T13:35:51.347Z'
}
{
  message: 'Ruta POST /register no esta implementada',
  level: 'warn',
  timestamp: '2023-03-16T14:53:46.904Z'
}
{
  message: 'Ruta POST /register no esta implementada',
  level: 'warn',
  timestamp: '2023-03-16T19:48:50.972Z'
}
